g:\support\trunk\custom_project_codes\fileexchangeprojectsv11\localization_in_wsn_v11.0\v11\mobility\x64\debug\vc141.pdb
g:\support\trunk\custom_project_codes\fileexchangeprojectsv11\localization_in_wsn_v11.0\v11\mobility\x64\debug\vc141.idb
g:\support\trunk\custom_project_codes\fileexchangeprojectsv11\localization_in_wsn_v11.0\v11\mobility\x64\debug\sumo_interface.obj
g:\support\trunk\custom_project_codes\fileexchangeprojectsv11\localization_in_wsn_v11.0\v11\mobility\x64\debug\nodejoin.obj
g:\support\trunk\custom_project_codes\fileexchangeprojectsv11\localization_in_wsn_v11.0\v11\mobility\x64\debug\mobility.obj
g:\support\trunk\custom_project_codes\fileexchangeprojectsv11\localization_in_wsn_v11.0\v11\mobility\x64\debug\groupmobility.obj
g:\support\trunk\custom_project_codes\fileexchangeprojectsv11\localization_in_wsn_v11.0\v11\mobility\x64\debug\filebasedmobility.obj
g:\support\trunk\custom_project_codes\fileexchangeprojectsv11\localization_in_wsn_v11.0\v11\dll\libmobility.dll
g:\support\trunk\custom_project_codes\fileexchangeprojectsv11\localization_in_wsn_v11.0\v11\dll\mobility.pdb
g:\support\trunk\custom_project_codes\fileexchangeprojectsv11\localization_in_wsn_v11.0\v11\dll\mobility.lib
g:\support\trunk\custom_project_codes\fileexchangeprojectsv11\localization_in_wsn_v11.0\v11\dll\mobility.exp
c:\users\tetcos-demo system\desktop\localization_v11\mobility\x64\debug\filebasedmobility.obj
c:\users\tetcos-demo system\desktop\localization_v11\mobility\x64\debug\groupmobility.obj
c:\users\tetcos-demo system\desktop\localization_v11\mobility\x64\debug\mobility.obj
c:\users\tetcos-demo system\desktop\localization_v11\mobility\x64\debug\nodejoin.obj
c:\users\tetcos-demo system\desktop\localization_v11\mobility\x64\debug\sumo_interface.obj
c:\users\tetcos-demo system\desktop\localization_v11\mobility\x64\debug\vc141.idb
c:\users\tetcos-demo system\desktop\localization_v11\mobility\x64\debug\vc141.pdb
c:\users\tetcos-demo system\desktop\localization_v11\mobility\x64\debug\mobility.tlog\cl.command.1.tlog
c:\users\tetcos-demo system\desktop\localization_v11\mobility\x64\debug\mobility.tlog\cl.read.1.tlog
c:\users\tetcos-demo system\desktop\localization_v11\mobility\x64\debug\mobility.tlog\cl.write.1.tlog
c:\users\tetcos-demo system\desktop\localization_v11\mobility\x64\debug\mobility.tlog\link.command.1.tlog
c:\users\tetcos-demo system\desktop\localization_v11\mobility\x64\debug\mobility.tlog\link.read.1.tlog
c:\users\tetcos-demo system\desktop\localization_v11\mobility\x64\debug\mobility.tlog\link.write.1.tlog
c:\users\tetcos-demo system\desktop\localization_v11\mobility\x64\debug\mobility.tlog\mobility.write.1u.tlog
