c:\users\tetcos-demo system\desktop\localization_v11\zigbee\debug\vc141.pdb
c:\users\tetcos-demo system\desktop\localization_v11\zigbee\debug\vc141.idb
c:\users\tetcos-demo system\desktop\localization_v11\zigbee\debug\unslottedcsmaca.obj
c:\users\tetcos-demo system\desktop\localization_v11\zigbee\debug\superframe.obj
c:\users\tetcos-demo system\desktop\localization_v11\zigbee\debug\slottedcsmaca.obj
c:\users\tetcos-demo system\desktop\localization_v11\zigbee\debug\sinrcalculation.obj
c:\users\tetcos-demo system\desktop\localization_v11\zigbee\debug\locatebackoffboundary.obj
c:\users\tetcos-demo system\desktop\localization_v11\zigbee\debug\localisation.obj
c:\users\tetcos-demo system\desktop\localization_v11\zigbee\debug\changeradiostate.obj
c:\users\tetcos-demo system\desktop\localization_v11\zigbee\debug\cca.obj
c:\users\tetcos-demo system\desktop\localization_v11\zigbee\debug\bercalculation.obj
c:\users\tetcos-demo system\desktop\localization_v11\zigbee\debug\backoffcalculation.obj
c:\users\tetcos-demo system\desktop\localization_v11\zigbee\debug\802_15_4.obj
c:\users\tetcos-pc\desktop\localization_v11\32bit\code\zigbee\debug\802_15_4.obj
c:\users\tetcos-pc\desktop\localization_v11\32bit\code\zigbee\debug\backoffcalculation.obj
c:\users\tetcos-pc\desktop\localization_v11\32bit\code\zigbee\debug\bercalculation.obj
c:\users\tetcos-pc\desktop\localization_v11\32bit\code\zigbee\debug\cca.obj
c:\users\tetcos-pc\desktop\localization_v11\32bit\code\zigbee\debug\changeradiostate.obj
c:\users\tetcos-pc\desktop\localization_v11\32bit\code\zigbee\debug\localisation.obj
c:\users\tetcos-pc\desktop\localization_v11\32bit\code\zigbee\debug\locatebackoffboundary.obj
c:\users\tetcos-pc\desktop\localization_v11\32bit\code\zigbee\debug\sinrcalculation.obj
c:\users\tetcos-pc\desktop\localization_v11\32bit\code\zigbee\debug\slottedcsmaca.obj
c:\users\tetcos-pc\desktop\localization_v11\32bit\code\zigbee\debug\superframe.obj
c:\users\tetcos-pc\desktop\localization_v11\32bit\code\zigbee\debug\unslottedcsmaca.obj
c:\users\tetcos-pc\desktop\localization_v11\32bit\code\zigbee\debug\vc141.idb
c:\users\tetcos-pc\desktop\localization_v11\32bit\code\zigbee\debug\vc141.pdb
c:\users\tetcos-pc\desktop\localization_v11\32bit\code\zigbee\debug\zigbee.tlog\cl.command.1.tlog
c:\users\tetcos-pc\desktop\localization_v11\32bit\code\zigbee\debug\zigbee.tlog\cl.read.1.tlog
c:\users\tetcos-pc\desktop\localization_v11\32bit\code\zigbee\debug\zigbee.tlog\cl.write.1.tlog
c:\users\tetcos-pc\desktop\localization_v11\32bit\code\zigbee\debug\zigbee.tlog\link.command.1.tlog
c:\users\tetcos-pc\desktop\localization_v11\32bit\code\zigbee\debug\zigbee.tlog\link.read.1.tlog
c:\users\tetcos-pc\desktop\localization_v11\32bit\code\zigbee\debug\zigbee.tlog\link.write.1.tlog
