C:\Program Files (x86)\Microsoft Visual Studio\2017\Community\Common7\IDE\VC\VCTargets\Microsoft.CppBuild.targets(377,5): warning MSB8004: Output Directory does not end with a trailing slash.  This build instance will add the slash as it is required to allow proper evaluation of the Output Directory.
  802_15_4.c
c:\users\tetcos-pc\desktop\localization_v11\32bit\code\zigbee\802_15_4.c(703): warning C4013: 'fn_NetSim_localisation' undefined; assuming extern returning int
  BackoffCalculation.c
  BERCalculation.c
  CCA.c
  ChangeRadioState.c
  Localisation.c
c:\users\tetcos-pc\desktop\localization_v11\32bit\code\zigbee\localisation.c(85): warning C4018: '<': signed/unsigned mismatch
c:\users\tetcos-pc\desktop\localization_v11\32bit\code\zigbee\localisation.c(119): warning C4018: '<': signed/unsigned mismatch
c:\users\tetcos-pc\desktop\localization_v11\32bit\code\zigbee\localisation.c(133): warning C4047: '=': 'FILE *' differs in levels of indirection from 'int'
c:\users\tetcos-pc\desktop\localization_v11\32bit\code\zigbee\localisation.c(146): warning C4018: '<': signed/unsigned mismatch
c:\users\tetcos-pc\desktop\localization_v11\32bit\code\zigbee\localisation.c(160): warning C4047: '=': 'SENSOR_DETAILS' differs in levels of indirection from 'SENSOR_DETAILS *'
c:\users\tetcos-pc\desktop\localization_v11\32bit\code\zigbee\localisation.c(161): warning C4018: '<': signed/unsigned mismatch
c:\users\tetcos-pc\desktop\localization_v11\32bit\code\zigbee\localisation.c(196): warning C4244: '=': conversion from 'double' to 'int', possible loss of data
c:\users\tetcos-pc\desktop\localization_v11\32bit\code\zigbee\localisation.c(207): warning C4133: '=': incompatible types - from 'SENSOR_DETAILS *' to 'ANCHOR_DETAILS *'
c:\users\tetcos-pc\desktop\localization_v11\32bit\code\zigbee\localisation.c(212): warning C4047: '=': 'ANCHOR_DETAILS' differs in levels of indirection from 'SENSOR_DETAILS *'
c:\users\tetcos-pc\desktop\localization_v11\32bit\code\zigbee\localisation.c(213): warning C4047: '=': 'ANCHOR_DETAILS' differs in levels of indirection from 'ANCHOR_DETAILS *'
c:\users\tetcos-pc\desktop\localization_v11\32bit\code\zigbee\localisation.c(215): warning C4047: 'function': 'int *' differs in levels of indirection from 'int'
c:\users\tetcos-pc\desktop\localization_v11\32bit\code\zigbee\localisation.c(215): warning C4024: 'get_device_id': different types for formal and actual parameter 1
c:\users\tetcos-pc\desktop\localization_v11\32bit\code\zigbee\localisation.c(251): warning C4018: '<': signed/unsigned mismatch
c:\users\tetcos-pc\desktop\localization_v11\32bit\code\zigbee\localisation.c(262): warning C4028: formal parameter 1 different from declaration
c:\users\tetcos-pc\desktop\localization_v11\32bit\code\zigbee\localisation.c(264): warning C4018: '<': signed/unsigned mismatch
  LocateBackoffBoundary.c
  SINRCalculation.c
  SlottedCSMACA.c
  Superframe.c
  UnslottedCSMACA.c
  Generating Code...
c:\users\tetcos-pc\desktop\localization_v11\32bit\code\zigbee\localisation.c(271): warning C4715: 'get_device_id': not all control paths return a value
c:\users\tetcos-pc\desktop\localization_v11\32bit\code\zigbee\localisation.c(259): warning C4715: 'fn_NetSim_localisation': not all control paths return a value
c:\users\tetcos-pc\desktop\localization_v11\32bit\code\zigbee\localisation.c(301): warning C4716: 'fn_NetSim_trilateration_method': must return a value
C:\Program Files (x86)\Microsoft Visual Studio\2017\Community\Common7\IDE\VC\VCTargets\Microsoft.CppBuild.targets(1202,5): warning MSB8012: TargetPath(C:\Users\TETCOS-PC\Desktop\Localization_v11\32bit\Code\ZigBee\../Dll\ZigBee.dll) does not match the Linker's OutputFile property value (C:\Users\TETCOS-PC\Desktop\Localization_v11\32bit\Code\Dll\libZigBee.dll). This may cause your project to build incorrectly. To correct this, please make sure that $(OutDir), $(TargetName) and $(TargetExt) property values match the value specified in %(Link.OutputFile).
C:\Program Files (x86)\Microsoft Visual Studio\2017\Community\Common7\IDE\VC\VCTargets\Microsoft.CppBuild.targets(1204,5): warning MSB8012: TargetName(ZigBee) does not match the Linker's OutputFile property value (libZigBee). This may cause your project to build incorrectly. To correct this, please make sure that $(OutDir), $(TargetName) and $(TargetExt) property values match the value specified in %(Link.OutputFile).
802_15_4.obj : warning LNK4075: ignoring '/EDITANDCONTINUE' due to '/INCREMENTAL:NO' specification
  Zigbee.lib(802_15_4_lib.obj) : MSIL .netmodule or module compiled with /GL found; restarting link with /LTCG; add /LTCG to the link command line to improve linker performance
802_15_4.obj : warning LNK4075: ignoring '/EDITANDCONTINUE' due to '/INCREMENTAL:NO' specification
     Creating library ../Dll\ZigBee.lib and object ../Dll\ZigBee.exp
LINK : warning LNK4098: defaultlib 'MSVCRT' conflicts with use of other libs; use /NODEFAULTLIB:library
  Generating code
  Finished generating code
Zigbee.lib(802_15_4_lib.obj) : warning LNK4099: PDB 'ZigbeeLib.pdb' was not found with 'Zigbee.lib(802_15_4_lib.obj)' or at 'C:\Users\TETCOS-PC\Desktop\Localization_v11\32bit\Code\Dll\ZigbeeLib.pdb'; linking object as if no debug info
  ZigBee.vcxproj -> C:\Users\TETCOS-PC\Desktop\Localization_v11\32bit\Code\ZigBee\../Dll\ZigBee.dll
